mode: set
sigs.k8s.io/azurefile-csi-driver/pkg/azurefileplugin/main.go:35.13,37.55 2 1
sigs.k8s.io/azurefile-csi-driver/pkg/azurefileplugin/main.go:37.55,39.3 1 1
sigs.k8s.io/azurefile-csi-driver/pkg/azurefileplugin/main.go:49.27,51.2 1 0
sigs.k8s.io/azurefile-csi-driver/pkg/azurefileplugin/main.go:53.13,55.14 2 1
sigs.k8s.io/azurefile-csi-driver/pkg/azurefileplugin/main.go:55.14,57.17 2 1
sigs.k8s.io/azurefile-csi-driver/pkg/azurefileplugin/main.go:57.17,59.4 1 0
sigs.k8s.io/azurefile-csi-driver/pkg/azurefileplugin/main.go:60.3,60.20 1 1
sigs.k8s.io/azurefile-csi-driver/pkg/azurefileplugin/main.go:61.8,64.3 2 0
sigs.k8s.io/azurefile-csi-driver/pkg/azurefileplugin/main.go:65.2,65.9 1 1
sigs.k8s.io/azurefile-csi-driver/pkg/azurefileplugin/main.go:68.15,73.19 4 1
sigs.k8s.io/azurefile-csi-driver/pkg/azurefileplugin/main.go:73.19,75.3 1 0
sigs.k8s.io/azurefile-csi-driver/pkg/azurefileplugin/main.go:76.2,76.57 1 1
sigs.k8s.io/azurefile-csi-driver/pkg/azurefileplugin/main.go:76.57,78.3 1 0
sigs.k8s.io/azurefile-csi-driver/pkg/azurefileplugin/main.go:81.22,82.27 1 1
sigs.k8s.io/azurefile-csi-driver/pkg/azurefileplugin/main.go:82.27,84.3 1 1
sigs.k8s.io/azurefile-csi-driver/pkg/azurefileplugin/main.go:85.2,86.16 2 1
sigs.k8s.io/azurefile-csi-driver/pkg/azurefileplugin/main.go:86.16,89.3 2 1
sigs.k8s.io/azurefile-csi-driver/pkg/azurefileplugin/main.go:90.2,90.46 1 1
sigs.k8s.io/azurefile-csi-driver/pkg/azurefileplugin/main.go:93.83,96.12 3 1
sigs.k8s.io/azurefile-csi-driver/pkg/azurefileplugin/main.go:96.12,98.38 2 1
sigs.k8s.io/azurefile-csi-driver/pkg/azurefileplugin/main.go:98.38,100.4 1 0
sigs.k8s.io/azurefile-csi-driver/pkg/azurefileplugin/main.go:104.41,108.2 3 1
sigs.k8s.io/azurefile-csi-driver/pkg/azurefileplugin/main.go:110.41,111.16 1 1
sigs.k8s.io/azurefile-csi-driver/pkg/azurefileplugin/main.go:111.16,113.3 1 1
sigs.k8s.io/azurefile-csi-driver/pkg/azurefileplugin/main.go:114.2,114.71 1 1
sigs.k8s.io/azurefile-csi-driver/pkg/azurefileplugin/main.go:114.71,116.3 1 1
sigs.k8s.io/azurefile-csi-driver/pkg/azurefileplugin/main.go:117.2,117.12 1 1
